mode: atomic
safercloud/backend/middleware/auth.go:13.74,14.30 1 3
safercloud/backend/middleware/auth.go:14.30,16.48 2 3
safercloud/backend/middleware/auth.go:16.48,19.4 2 2
safercloud/backend/middleware/auth.go:21.3,23.84 2 1
safercloud/backend/middleware/auth.go:23.84,25.58 1 1
safercloud/backend/middleware/auth.go:25.58,27.5 1 1
safercloud/backend/middleware/auth.go:30.4,30.74 1 0
safercloud/backend/middleware/auth.go:30.74,32.5 1 0
safercloud/backend/middleware/auth.go:35.4,35.40 1 0
safercloud/backend/middleware/auth.go:38.3,38.33 1 1
safercloud/backend/middleware/auth.go:38.33,42.4 3 0
safercloud/backend/middleware/auth.go:44.3,44.53 1 1
safercloud/backend/middleware/auth.go:44.53,46.4 1 1
safercloud/backend/middleware/auth.go:46.9,48.4 1 0
safercloud/backend/middleware/auth.go:50.3,50.11 1 1
safercloud/backend/middleware/ratelimit.go:30.13,33.2 2 1
safercloud/backend/middleware/ratelimit.go:36.44,48.2 1 1
safercloud/backend/middleware/ratelimit.go:51.70,55.46 3 1
safercloud/backend/middleware/ratelimit.go:55.46,57.3 1 0
safercloud/backend/middleware/ratelimit.go:58.2,58.31 1 1
safercloud/backend/middleware/ratelimit.go:61.59,67.13 5 11
safercloud/backend/middleware/ratelimit.go:67.13,73.3 3 1
safercloud/backend/middleware/ratelimit.go:76.2,77.18 2 10
safercloud/backend/middleware/ratelimit.go:81.24,82.6 1 1
safercloud/backend/middleware/ratelimit.go:82.6,86.32 3 1
safercloud/backend/middleware/ratelimit.go:86.32,87.46 1 0
safercloud/backend/middleware/ratelimit.go:87.46,89.5 1 0
safercloud/backend/middleware/ratelimit.go:91.3,91.14 1 0
safercloud/backend/middleware/ratelimit.go:96.44,97.30 1 1
safercloud/backend/middleware/ratelimit.go:97.30,99.36 1 11
safercloud/backend/middleware/ratelimit.go:99.36,102.4 2 0
safercloud/backend/middleware/ratelimit.go:104.3,108.23 4 11
safercloud/backend/middleware/ratelimit.go:108.23,113.4 2 0
safercloud/backend/middleware/ratelimit.go:114.3,114.11 1 11
safercloud/backend/middleware/security.go:16.29,20.2 3 0
safercloud/backend/middleware/security.go:22.38,23.30 1 0
safercloud/backend/middleware/security.go:23.30,57.3 11 0
safercloud/backend/middleware/security.go:60.36,68.30 4 0
safercloud/backend/middleware/security.go:68.30,71.17 3 0
safercloud/backend/middleware/security.go:71.17,75.4 3 0
safercloud/backend/middleware/security.go:76.3,76.11 1 0
safercloud/backend/middleware/security_logger.go:17.42,23.16 3 0
safercloud/backend/middleware/security_logger.go:23.16,30.3 2 0
safercloud/backend/middleware/security_logger.go:32.2,36.3 1 0
safercloud/backend/middleware/security_logger.go:40.35,41.20 1 0
safercloud/backend/middleware/security_logger.go:41.20,43.3 1 0
safercloud/backend/middleware/security_logger.go:47.75,48.17 1 0
safercloud/backend/middleware/security_logger.go:48.17,50.3 1 0
safercloud/backend/middleware/security_logger.go:51.2,51.49 1 0
safercloud/backend/middleware/security_logger.go:55.64,56.17 1 0
safercloud/backend/middleware/security_logger.go:56.17,58.3 1 0
safercloud/backend/middleware/security_logger.go:59.2,59.49 1 0
safercloud/backend/middleware/security_logger.go:63.78,64.17 1 0
safercloud/backend/middleware/security_logger.go:64.17,66.3 1 0
safercloud/backend/middleware/security_logger.go:67.2,67.73 1 0
safercloud/backend/middleware/security_logger.go:71.78,72.17 1 0
safercloud/backend/middleware/security_logger.go:72.17,74.3 1 0
safercloud/backend/middleware/security_logger.go:75.2,75.73 1 0
safercloud/backend/middleware/security_logger.go:79.82,80.17 1 0
safercloud/backend/middleware/security_logger.go:80.17,82.3 1 0
safercloud/backend/middleware/security_logger.go:83.2,83.63 1 0
safercloud/backend/middleware/security_logger.go:87.63,88.17 1 0
safercloud/backend/middleware/security_logger.go:88.17,90.3 1 0
safercloud/backend/middleware/security_logger.go:91.2,91.48 1 0
safercloud/backend/middleware/security_logger.go:95.69,96.17 1 0
safercloud/backend/middleware/security_logger.go:96.17,98.3 1 0
safercloud/backend/middleware/security_logger.go:99.2,99.69 1 0
safercloud/backend/middleware/security_logger.go:103.91,107.2 2 0
